### Overall ###
- lowered_by: None
- target_cycle             : 0
- total_instruction_cycle  : 215315 (main + sub + io)
- total_execution_cycle    : 217397 (main + sub + io - hidden)
- main                     : 0.000% (0)
- sub                      : 99.042% (215315)
- io                       : 0.000% (0)
- sync                     : 0.000% (0)
- spill_io                 : 0.000% (0)
- main_only                : 0.000% (0)
- sub_only                 : 99.042% (215315)
- io_only                  : 0.000% (0)
- sync_only                : 0.000% (0)
- spill_io_only            : 0.000% (0)
- dram_usage_io           : 0B
- dram_usage_weight       : 0B
- dram_usage_stack        : 0B
- dram_usage_inter_chip_stack: 0B

- peak_memory_usage_bytes: 222687232
- total_tactic_cost(DP cost) : None
	- operator_tactic_cost : None
	- bridge_tactic_cost : None
		- bridge_tu_tactic_cost : None
		- bridge_dma_tactic_cost : None
		- bridge_lower_tactic_cost : None
		- bridge_unlower_tactic_cost : None
		- bridge_dtod_tactic_cost : None
- lir_operator_count: 2
- num_executions: 0
- num_external_operators: 0
- trf_mode_usages :
None
- attention_kernel: None
- sum_binary_sizes: [15312, 15312]
- max_binary_sizes: [15312, 15312]
- num_binaries: [1, 1]
- edf_hash: 4850b02e43a83a03ac602654ac63a5778f652f83351d23e98bba974206da289b
- compile time
	- resourcelir: 0.001 sec
	- edf: 0.056 sec
- compile cpu time
	- resourcelir: 0.001 sec
	- edf: 0.003 sec
